============================= test session starts ==============================
platform darwin -- Python 3.11.15, pytest-9.0.3, pluggy-1.6.0
rootdir: /Users/chanpark/2n_project
plugins: anyio-4.13.0
collected 118 items

tests/test_backend.py ................................................   [ 40%]
tests/test_collector_mqtt_client.py ...                                  [ 43%]
tests/test_collector_simulator.py ...                                    [ 45%]
tests/test_desktop_launcher.py ...                                       [ 48%]
tests/test_env_loader.py ..                                              [ 50%]
tests/test_frontend_auth_gate.py .....................                   [ 67%]
tests/test_incidents.py ...                                              [ 70%]
tests/test_mqtt_parser.py .....                                          [ 74%]
tests/test_pico_firmware_main.py ...                                     [ 77%]
tests/test_pico_firmware_payloads.py ........                            [ 83%]
tests/test_pico_firmware_sensors.py ..                                   [ 85%]
tests/test_pico_sensor_scaling.py ...                                    [ 88%]
tests/test_runtime_requirements.py .                                     [ 88%]
tests/test_sensor_event.py ..                                            [ 90%]
tests/test_sqlite_repository.py ..........                               [ 99%]
tests/test_worker.py .                                                   [100%]

=============================== warnings summary ===============================
.venv/lib/python3.11/site-packages/fastapi/testclient.py:1
  /Users/chanpark/2n_project/.venv/lib/python3.11/site-packages/fastapi/testclient.py:1: StarletteDeprecationWarning: Using `httpx` with `starlette.testclient` is deprecated; install `httpx2` instead.
    from starlette.testclient import TestClient as TestClient  # noqa

-- Docs: https://docs.pytest.org/en/stable/how-to/capture-warnings.html
======================== 118 passed, 1 warning in 0.98s ========================
